Determining if the pthread_create exist failed with the following output:
Change Dir: /home/lambyor/Documents/OpenGL/3D-Car-Simulation/ogl-master/tutorial06_keyboard_and_mouse/CMakeFiles/CMakeTmp

Run Build Command:"/usr/bin/make" "cmTC_df762/fast"
/usr/bin/make -f CMakeFiles/cmTC_df762.dir/build.make CMakeFiles/cmTC_df762.dir/build
make[1] : on entre dans le répertoire « /home/lambyor/Documents/OpenGL/3D-Car-Simulation/ogl-master/tutorial06_keyboard_and_mouse/CMakeFiles/CMakeTmp »
Building C object CMakeFiles/cmTC_df762.dir/CheckSymbolExists.c.o
/usr/bin/cc     -o CMakeFiles/cmTC_df762.dir/CheckSymbolExists.c.o   -c /home/lambyor/Documents/OpenGL/3D-Car-Simulation/ogl-master/tutorial06_keyboard_and_mouse/CMakeFiles/CMakeTmp/CheckSymbolExists.c
Linking C executable cmTC_df762
/usr/bin/cmake -E cmake_link_script CMakeFiles/cmTC_df762.dir/link.txt --verbose=1
/usr/bin/cc       CMakeFiles/cmTC_df762.dir/CheckSymbolExists.c.o  -o cmTC_df762 -rdynamic 
CMakeFiles/cmTC_df762.dir/CheckSymbolExists.c.o : Dans la fonction « main » :
CheckSymbolExists.c:(.text+0x16) : référence indéfinie vers « pthread_create »
collect2: error: ld returned 1 exit status
CMakeFiles/cmTC_df762.dir/build.make:97 : la recette pour la cible « cmTC_df762 » a échouée
make[1]: *** [cmTC_df762] Erreur 1
make[1] : on quitte le répertoire « /home/lambyor/Documents/OpenGL/3D-Car-Simulation/ogl-master/tutorial06_keyboard_and_mouse/CMakeFiles/CMakeTmp »
Makefile:126 : la recette pour la cible « cmTC_df762/fast » a échouée
make: *** [cmTC_df762/fast] Erreur 2

File /home/lambyor/Documents/OpenGL/3D-Car-Simulation/ogl-master/tutorial06_keyboard_and_mouse/CMakeFiles/CMakeTmp/CheckSymbolExists.c:
/* */
#include <pthread.h>

int main(int argc, char** argv)
{
  (void)argv;
#ifndef pthread_create
  return ((int*)(&pthread_create))[argc];
#else
  (void)argc;
  return 0;
#endif
}

Determining if the function pthread_create exists in the pthreads failed with the following output:
Change Dir: /home/lambyor/Documents/OpenGL/3D-Car-Simulation/ogl-master/tutorial06_keyboard_and_mouse/CMakeFiles/CMakeTmp

Run Build Command:"/usr/bin/make" "cmTC_98dbf/fast"
/usr/bin/make -f CMakeFiles/cmTC_98dbf.dir/build.make CMakeFiles/cmTC_98dbf.dir/build
make[1] : on entre dans le répertoire « /home/lambyor/Documents/OpenGL/3D-Car-Simulation/ogl-master/tutorial06_keyboard_and_mouse/CMakeFiles/CMakeTmp »
Building C object CMakeFiles/cmTC_98dbf.dir/CheckFunctionExists.c.o
/usr/bin/cc    -DCHECK_FUNCTION_EXISTS=pthread_create   -o CMakeFiles/cmTC_98dbf.dir/CheckFunctionExists.c.o   -c /usr/share/cmake-3.5/Modules/CheckFunctionExists.c
Linking C executable cmTC_98dbf
/usr/bin/cmake -E cmake_link_script CMakeFiles/cmTC_98dbf.dir/link.txt --verbose=1
/usr/bin/cc   -DCHECK_FUNCTION_EXISTS=pthread_create    CMakeFiles/cmTC_98dbf.dir/CheckFunctionExists.c.o  -o cmTC_98dbf -rdynamic -lpthreads 
/usr/bin/ld : ne peut trouver -lpthreads
collect2: error: ld returned 1 exit status
CMakeFiles/cmTC_98dbf.dir/build.make:97 : la recette pour la cible « cmTC_98dbf » a échouée
make[1]: *** [cmTC_98dbf] Erreur 1
make[1] : on quitte le répertoire « /home/lambyor/Documents/OpenGL/3D-Car-Simulation/ogl-master/tutorial06_keyboard_and_mouse/CMakeFiles/CMakeTmp »
Makefile:126 : la recette pour la cible « cmTC_98dbf/fast » a échouée
make: *** [cmTC_98dbf/fast] Erreur 2


