c:\users\emili\onedrive\documents\opengltutorials.vs2017\intermediate\obj\debug\bulletdynamics\bthingeconstraint.obj
c:\users\emili\onedrive\documents\opengltutorials.vs2017\intermediate\obj\debug\bulletdynamics\btrigidbody.obj
c:\users\emili\onedrive\documents\opengltutorials.vs2017\intermediate\obj\debug\bulletdynamics\btgeneric6dofconstraint.obj
c:\users\emili\onedrive\documents\opengltutorials.vs2017\intermediate\obj\debug\bulletdynamics\btuniversalconstraint.obj
c:\users\emili\onedrive\documents\opengltutorials.vs2017\intermediate\obj\debug\bulletdynamics\btcontactconstraint.obj
c:\users\emili\onedrive\documents\opengltutorials.vs2017\intermediate\obj\debug\bulletdynamics\btsliderconstraint.obj
c:\users\emili\onedrive\documents\opengltutorials.vs2017\intermediate\obj\debug\bulletdynamics\btraycastvehicle.obj
c:\users\emili\onedrive\documents\opengltutorials.vs2017\intermediate\obj\debug\bulletdynamics\btkinematiccharactercontroller.obj
c:\users\emili\onedrive\documents\opengltutorials.vs2017\intermediate\obj\debug\bulletdynamics\bttypedconstraint.obj
c:\users\emili\onedrive\documents\opengltutorials.vs2017\intermediate\obj\debug\bulletdynamics\btgeneric6dofspringconstraint.obj
c:\users\emili\onedrive\documents\opengltutorials.vs2017\intermediate\obj\debug\bulletdynamics\btdiscretedynamicsworld.obj
c:\users\emili\onedrive\documents\opengltutorials.vs2017\intermediate\obj\debug\bulletdynamics\btconetwistconstraint.obj
c:\users\emili\onedrive\documents\opengltutorials.vs2017\intermediate\obj\debug\bulletdynamics\btpoint2pointconstraint.obj
c:\users\emili\onedrive\documents\opengltutorials.vs2017\intermediate\obj\debug\bulletdynamics\btsimpledynamicsworld.obj
c:\users\emili\onedrive\documents\opengltutorials.vs2017\intermediate\obj\debug\bulletdynamics\btgearconstraint.obj
c:\users\emili\onedrive\documents\opengltutorials.vs2017\intermediate\obj\debug\bulletdynamics\btsequentialimpulseconstraintsolver.obj
c:\users\emili\onedrive\documents\opengltutorials.vs2017\intermediate\obj\debug\bulletdynamics\bullet-c-api.obj
c:\users\emili\onedrive\documents\opengltutorials.vs2017\intermediate\obj\debug\bulletdynamics\bthinge2constraint.obj
c:\users\emili\onedrive\documents\opengltutorials.vs2017\intermediate\obj\debug\bulletdynamics\btsolve2linearconstraint.obj
c:\users\emili\onedrive\documents\opengltutorials.vs2017\intermediate\obj\debug\bulletdynamics\btwheelinfo.obj
c:\users\emili\onedrive\documents\opengltutorials.vs2017\intermediate\obj\debug\bulletdynamics\bulletdynamics.pdb
c:\users\emili\onedrive\documents\opengltutorials.vs2017\intermediate\lib\debug\bulletdynamics.lib
c:\users\emili\onedrive\documents\opengltutorials.vs2017\intermediate\lib\debug\bulletdynamics.pdb
c:\users\emili\onedrive\documents\opengltutorials.vs2017\intermediate\obj\debug\bulletdynamics\bulletdynamics.tlog\cl.10260.write.1.tlog
c:\users\emili\onedrive\documents\opengltutorials.vs2017\intermediate\obj\debug\bulletdynamics\bulletdynamics.tlog\cl.command.1.tlog
c:\users\emili\onedrive\documents\opengltutorials.vs2017\intermediate\obj\debug\bulletdynamics\bulletdynamics.tlog\cl.read.1.tlog
c:\users\emili\onedrive\documents\opengltutorials.vs2017\intermediate\obj\debug\bulletdynamics\bulletdynamics.tlog\lib-link.read.1.tlog
c:\users\emili\onedrive\documents\opengltutorials.vs2017\intermediate\obj\debug\bulletdynamics\bulletdynamics.tlog\lib-link.write.1.tlog
c:\users\emili\onedrive\documents\opengltutorials.vs2017\intermediate\obj\debug\bulletdynamics\bulletdynamics.tlog\lib.command.1.tlog
