  clipboard.c
  context.c
  gamma.c
  init.c
  input.c
  joystick.c
  monitor.c
  time.c
c:\users\emili\onedrive\documents\opengltutorials.vs2017\external\glfw-3.0.3\src\config.h(38): warning C4005: '_GLFW_WIN32' : redéfinition de macro (compilation du fichier source src\clipboard.c)
  c:\users\emili\onedrive\documents\opengltutorials.vs2017\external\glfw-3.0.3\src\clipboard.c: note: voir la définition précédente de '_GLFW_WIN32'
c:\users\emili\onedrive\documents\opengltutorials.vs2017\external\glfw-3.0.3\src\config.h(47): warning C4005: '_GLFW_WGL' : redéfinition de macro (compilation du fichier source src\clipboard.c)
  c:\users\emili\onedrive\documents\opengltutorials.vs2017\external\glfw-3.0.3\src\clipboard.c: note: voir la définition précédente de '_GLFW_WGL'
c:\users\emili\onedrive\documents\opengltutorials.vs2017\external\glfw-3.0.3\src\config.h(76): warning C4005: '_GLFW_USE_OPENGL' : redéfinition de macro (compilation du fichier source src\clipboard.c)
  c:\users\emili\onedrive\documents\opengltutorials.vs2017\external\glfw-3.0.3\src\clipboard.c: note: voir la définition précédente de '_GLFW_USE_OPENGL'
c:\users\emili\onedrive\documents\opengltutorials.vs2017\external\glfw-3.0.3\src\config.h(38): warning C4005: '_GLFW_WIN32' : redéfinition de macro (compilation du fichier source src\joystick.c)
  c:\users\emili\onedrive\documents\opengltutorials.vs2017\external\glfw-3.0.3\src\joystick.c: note: voir la définition précédente de '_GLFW_WIN32'
c:\users\emili\onedrive\documents\opengltutorials.vs2017\external\glfw-3.0.3\src\config.h(47): warning C4005: '_GLFW_WGL' : redéfinition de macro (compilation du fichier source src\joystick.c)
  c:\users\emili\onedrive\documents\opengltutorials.vs2017\external\glfw-3.0.3\src\joystick.c: note: voir la définition précédente de '_GLFW_WGL'
c:\users\emili\onedrive\documents\opengltutorials.vs2017\external\glfw-3.0.3\src\config.h(76): warning C4005: '_GLFW_USE_OPENGL' : redéfinition de macro (compilation du fichier source src\joystick.c)
  c:\users\emili\onedrive\documents\opengltutorials.vs2017\external\glfw-3.0.3\src\joystick.c: note: voir la définition précédente de '_GLFW_USE_OPENGL'
c:\users\emili\onedrive\documents\opengltutorials.vs2017\external\glfw-3.0.3\src\config.h(38): warning C4005: '_GLFW_WIN32' : redéfinition de macro (compilation du fichier source src\monitor.c)
  c:\users\emili\onedrive\documents\opengltutorials.vs2017\external\glfw-3.0.3\src\monitor.c: note: voir la définition précédente de '_GLFW_WIN32'
c:\users\emili\onedrive\documents\opengltutorials.vs2017\external\glfw-3.0.3\src\config.h(38): warning C4005: '_GLFW_WIN32' : redéfinition de macro (compilation du fichier source src\gamma.c)
  c:\users\emili\onedrive\documents\opengltutorials.vs2017\external\glfw-3.0.3\src\gamma.c: note: voir la définition précédente de '_GLFW_WIN32'
c:\users\emili\onedrive\documents\opengltutorials.vs2017\external\glfw-3.0.3\src\config.h(47): warning C4005: '_GLFW_WGL' : redéfinition de macro (compilation du fichier source src\monitor.c)
  c:\users\emili\onedrive\documents\opengltutorials.vs2017\external\glfw-3.0.3\src\monitor.c: note: voir la définition précédente de '_GLFW_WGL'
c:\users\emili\onedrive\documents\opengltutorials.vs2017\external\glfw-3.0.3\src\config.h(47): warning C4005: '_GLFW_WGL' : redéfinition de macro (compilation du fichier source src\gamma.c)
  c:\users\emili\onedrive\documents\opengltutorials.vs2017\external\glfw-3.0.3\src\gamma.c: note: voir la définition précédente de '_GLFW_WGL'
c:\users\emili\onedrive\documents\opengltutorials.vs2017\external\glfw-3.0.3\src\config.h(76): warning C4005: '_GLFW_USE_OPENGL' : redéfinition de macro (compilation du fichier source src\monitor.c)
  c:\users\emili\onedrive\documents\opengltutorials.vs2017\external\glfw-3.0.3\src\monitor.c: note: voir la définition précédente de '_GLFW_USE_OPENGL'
c:\users\emili\onedrive\documents\opengltutorials.vs2017\external\glfw-3.0.3\src\config.h(76): warning C4005: '_GLFW_USE_OPENGL' : redéfinition de macro (compilation du fichier source src\gamma.c)
  c:\users\emili\onedrive\documents\opengltutorials.vs2017\external\glfw-3.0.3\src\gamma.c: note: voir la définition précédente de '_GLFW_USE_OPENGL'
c:\users\emili\onedrive\documents\opengltutorials.vs2017\external\glfw-3.0.3\src\config.h(38): warning C4005: '_GLFW_WIN32' : redéfinition de macro (compilation du fichier source src\input.c)
  c:\users\emili\onedrive\documents\opengltutorials.vs2017\external\glfw-3.0.3\src\input.c: note: voir la définition précédente de '_GLFW_WIN32'
c:\users\emili\onedrive\documents\opengltutorials.vs2017\external\glfw-3.0.3\src\config.h(47): warning C4005: '_GLFW_WGL' : redéfinition de macro (compilation du fichier source src\input.c)
  c:\users\emili\onedrive\documents\opengltutorials.vs2017\external\glfw-3.0.3\src\input.c: note: voir la définition précédente de '_GLFW_WGL'
c:\users\emili\onedrive\documents\opengltutorials.vs2017\external\glfw-3.0.3\src\config.h(76): warning C4005: '_GLFW_USE_OPENGL' : redéfinition de macro (compilation du fichier source src\input.c)
  c:\users\emili\onedrive\documents\opengltutorials.vs2017\external\glfw-3.0.3\src\input.c: note: voir la définition précédente de '_GLFW_USE_OPENGL'
c:\users\emili\onedrive\documents\opengltutorials.vs2017\external\glfw-3.0.3\src\config.h(38): warning C4005: '_GLFW_WIN32' : redéfinition de macro (compilation du fichier source src\context.c)
  c:\users\emili\onedrive\documents\opengltutorials.vs2017\external\glfw-3.0.3\src\context.c: note: voir la définition précédente de '_GLFW_WIN32'
c:\users\emili\onedrive\documents\opengltutorials.vs2017\external\glfw-3.0.3\src\config.h(47): warning C4005: '_GLFW_WGL' : redéfinition de macro (compilation du fichier source src\context.c)
  c:\users\emili\onedrive\documents\opengltutorials.vs2017\external\glfw-3.0.3\src\context.c: note: voir la définition précédente de '_GLFW_WGL'
c:\users\emili\onedrive\documents\opengltutorials.vs2017\external\glfw-3.0.3\src\config.h(76): warning C4005: '_GLFW_USE_OPENGL' : redéfinition de macro (compilation du fichier source src\context.c)
  c:\users\emili\onedrive\documents\opengltutorials.vs2017\external\glfw-3.0.3\src\context.c: note: voir la définition précédente de '_GLFW_USE_OPENGL'
c:\users\emili\onedrive\documents\opengltutorials.vs2017\external\glfw-3.0.3\src\config.h(38): warning C4005: '_GLFW_WIN32' : redéfinition de macro (compilation du fichier source src\time.c)
  c:\users\emili\onedrive\documents\opengltutorials.vs2017\external\glfw-3.0.3\src\time.c: note: voir la définition précédente de '_GLFW_WIN32'
c:\users\emili\onedrive\documents\opengltutorials.vs2017\external\glfw-3.0.3\src\config.h(47): warning C4005: '_GLFW_WGL' : redéfinition de macro (compilation du fichier source src\time.c)
  c:\users\emili\onedrive\documents\opengltutorials.vs2017\external\glfw-3.0.3\src\time.c: note: voir la définition précédente de '_GLFW_WGL'
c:\users\emili\onedrive\documents\opengltutorials.vs2017\external\glfw-3.0.3\src\config.h(76): warning C4005: '_GLFW_USE_OPENGL' : redéfinition de macro (compilation du fichier source src\time.c)
  c:\users\emili\onedrive\documents\opengltutorials.vs2017\external\glfw-3.0.3\src\time.c: note: voir la définition précédente de '_GLFW_USE_OPENGL'
c:\users\emili\onedrive\documents\opengltutorials.vs2017\external\glfw-3.0.3\src\config.h(38): warning C4005: '_GLFW_WIN32' : redéfinition de macro (compilation du fichier source src\init.c)
  c:\users\emili\onedrive\documents\opengltutorials.vs2017\external\glfw-3.0.3\src\init.c: note: voir la définition précédente de '_GLFW_WIN32'
c:\users\emili\onedrive\documents\opengltutorials.vs2017\external\glfw-3.0.3\src\config.h(47): warning C4005: '_GLFW_WGL' : redéfinition de macro (compilation du fichier source src\init.c)
  c:\users\emili\onedrive\documents\opengltutorials.vs2017\external\glfw-3.0.3\src\init.c: note: voir la définition précédente de '_GLFW_WGL'
c:\users\emili\onedrive\documents\opengltutorials.vs2017\external\glfw-3.0.3\src\config.h(76): warning C4005: '_GLFW_USE_OPENGL' : redéfinition de macro (compilation du fichier source src\init.c)
  c:\users\emili\onedrive\documents\opengltutorials.vs2017\external\glfw-3.0.3\src\init.c: note: voir la définition précédente de '_GLFW_USE_OPENGL'
  window.c
c:\users\emili\onedrive\documents\opengltutorials.vs2017\external\glfw-3.0.3\src\config.h(38): warning C4005: '_GLFW_WIN32' : redéfinition de macro (compilation du fichier source src\window.c)
  c:\users\emili\onedrive\documents\opengltutorials.vs2017\external\glfw-3.0.3\src\window.c: note: voir la définition précédente de '_GLFW_WIN32'
c:\users\emili\onedrive\documents\opengltutorials.vs2017\external\glfw-3.0.3\src\config.h(47): warning C4005: '_GLFW_WGL' : redéfinition de macro (compilation du fichier source src\window.c)
  c:\users\emili\onedrive\documents\opengltutorials.vs2017\external\glfw-3.0.3\src\window.c: note: voir la définition précédente de '_GLFW_WGL'
c:\users\emili\onedrive\documents\opengltutorials.vs2017\external\glfw-3.0.3\src\config.h(76): warning C4005: '_GLFW_USE_OPENGL' : redéfinition de macro (compilation du fichier source src\window.c)
  c:\users\emili\onedrive\documents\opengltutorials.vs2017\external\glfw-3.0.3\src\window.c: note: voir la définition précédente de '_GLFW_USE_OPENGL'
  win32_clipboard.c
  win32_gamma.c
  win32_init.c
  win32_joystick.c
c:\users\emili\onedrive\documents\opengltutorials.vs2017\external\glfw-3.0.3\src\config.h(38): warning C4005: '_GLFW_WIN32' : redéfinition de macro (compilation du fichier source src\win32_clipboard.c)
  c:\users\emili\onedrive\documents\opengltutorials.vs2017\external\glfw-3.0.3\src\win32_clipboard.c: note: voir la définition précédente de '_GLFW_WIN32'
c:\users\emili\onedrive\documents\opengltutorials.vs2017\external\glfw-3.0.3\src\config.h(38): warning C4005: '_GLFW_WIN32' : redéfinition de macro (compilation du fichier source src\win32_gamma.c)
  c:\users\emili\onedrive\documents\opengltutorials.vs2017\external\glfw-3.0.3\src\win32_gamma.c: note: voir la définition précédente de '_GLFW_WIN32'
c:\users\emili\onedrive\documents\opengltutorials.vs2017\external\glfw-3.0.3\src\config.h(38): warning C4005: '_GLFW_WIN32' : redéfinition de macro (compilation du fichier source src\win32_joystick.c)
  c:\users\emili\onedrive\documents\opengltutorials.vs2017\external\glfw-3.0.3\src\win32_joystick.c: note: voir la définition précédente de '_GLFW_WIN32'
c:\users\emili\onedrive\documents\opengltutorials.vs2017\external\glfw-3.0.3\src\config.h(47): warning C4005: '_GLFW_WGL' : redéfinition de macro (compilation du fichier source src\win32_gamma.c)
  c:\users\emili\onedrive\documents\opengltutorials.vs2017\external\glfw-3.0.3\src\win32_gamma.c: note: voir la définition précédente de '_GLFW_WGL'
c:\users\emili\onedrive\documents\opengltutorials.vs2017\external\glfw-3.0.3\src\config.h(47): warning C4005: '_GLFW_WGL' : redéfinition de macro (compilation du fichier source src\win32_clipboard.c)
  c:\users\emili\onedrive\documents\opengltutorials.vs2017\external\glfw-3.0.3\src\win32_clipboard.c: note: voir la définition précédente de '_GLFW_WGL'
c:\users\emili\onedrive\documents\opengltutorials.vs2017\external\glfw-3.0.3\src\config.h(47): warning C4005: '_GLFW_WGL' : redéfinition de macro (compilation du fichier source src\win32_joystick.c)
  c:\users\emili\onedrive\documents\opengltutorials.vs2017\external\glfw-3.0.3\src\win32_joystick.c: note: voir la définition précédente de '_GLFW_WGL'
c:\users\emili\onedrive\documents\opengltutorials.vs2017\external\glfw-3.0.3\src\config.h(38): warning C4005: '_GLFW_WIN32' : redéfinition de macro (compilation du fichier source src\win32_init.c)
  c:\users\emili\onedrive\documents\opengltutorials.vs2017\external\glfw-3.0.3\src\win32_init.c: note: voir la définition précédente de '_GLFW_WIN32'
c:\users\emili\onedrive\documents\opengltutorials.vs2017\external\glfw-3.0.3\src\config.h(76): warning C4005: '_GLFW_USE_OPENGL' : redéfinition de macro (compilation du fichier source src\win32_gamma.c)
  c:\users\emili\onedrive\documents\opengltutorials.vs2017\external\glfw-3.0.3\src\win32_gamma.c: note: voir la définition précédente de '_GLFW_USE_OPENGL'
c:\users\emili\onedrive\documents\opengltutorials.vs2017\external\glfw-3.0.3\src\config.h(76): warning C4005: '_GLFW_USE_OPENGL' : redéfinition de macro (compilation du fichier source src\win32_clipboard.c)
  c:\users\emili\onedrive\documents\opengltutorials.vs2017\external\glfw-3.0.3\src\win32_clipboard.c: note: voir la définition précédente de '_GLFW_USE_OPENGL'
c:\users\emili\onedrive\documents\opengltutorials.vs2017\external\glfw-3.0.3\src\config.h(76): warning C4005: '_GLFW_USE_OPENGL' : redéfinition de macro (compilation du fichier source src\win32_joystick.c)
  c:\users\emili\onedrive\documents\opengltutorials.vs2017\external\glfw-3.0.3\src\win32_joystick.c: note: voir la définition précédente de '_GLFW_USE_OPENGL'
c:\users\emili\onedrive\documents\opengltutorials.vs2017\external\glfw-3.0.3\src\config.h(47): warning C4005: '_GLFW_WGL' : redéfinition de macro (compilation du fichier source src\win32_init.c)
  c:\users\emili\onedrive\documents\opengltutorials.vs2017\external\glfw-3.0.3\src\win32_init.c: note: voir la définition précédente de '_GLFW_WGL'
c:\users\emili\onedrive\documents\opengltutorials.vs2017\external\glfw-3.0.3\src\config.h(76): warning C4005: '_GLFW_USE_OPENGL' : redéfinition de macro (compilation du fichier source src\win32_init.c)
  c:\users\emili\onedrive\documents\opengltutorials.vs2017\external\glfw-3.0.3\src\win32_init.c: note: voir la définition précédente de '_GLFW_USE_OPENGL'
  win32_monitor.c
c:\users\emili\onedrive\documents\opengltutorials.vs2017\external\glfw-3.0.3\src\config.h(38): warning C4005: '_GLFW_WIN32' : redéfinition de macro (compilation du fichier source src\win32_monitor.c)
  c:\users\emili\onedrive\documents\opengltutorials.vs2017\external\glfw-3.0.3\src\win32_monitor.c: note: voir la définition précédente de '_GLFW_WIN32'
c:\users\emili\onedrive\documents\opengltutorials.vs2017\external\glfw-3.0.3\src\config.h(47): warning C4005: '_GLFW_WGL' : redéfinition de macro (compilation du fichier source src\win32_monitor.c)
  c:\users\emili\onedrive\documents\opengltutorials.vs2017\external\glfw-3.0.3\src\win32_monitor.c: note: voir la définition précédente de '_GLFW_WGL'
c:\users\emili\onedrive\documents\opengltutorials.vs2017\external\glfw-3.0.3\src\config.h(76): warning C4005: '_GLFW_USE_OPENGL' : redéfinition de macro (compilation du fichier source src\win32_monitor.c)
  c:\users\emili\onedrive\documents\opengltutorials.vs2017\external\glfw-3.0.3\src\win32_monitor.c: note: voir la définition précédente de '_GLFW_USE_OPENGL'
  win32_time.c
  win32_window.c
c:\users\emili\onedrive\documents\opengltutorials.vs2017\external\glfw-3.0.3\src\config.h(38): warning C4005: '_GLFW_WIN32' : redéfinition de macro (compilation du fichier source src\win32_window.c)
  c:\users\emili\onedrive\documents\opengltutorials.vs2017\external\glfw-3.0.3\src\win32_window.c: note: voir la définition précédente de '_GLFW_WIN32'
c:\users\emili\onedrive\documents\opengltutorials.vs2017\external\glfw-3.0.3\src\config.h(38): warning C4005: '_GLFW_WIN32' : redéfinition de macro (compilation du fichier source src\win32_time.c)
  c:\users\emili\onedrive\documents\opengltutorials.vs2017\external\glfw-3.0.3\src\win32_time.c: note: voir la définition précédente de '_GLFW_WIN32'
c:\users\emili\onedrive\documents\opengltutorials.vs2017\external\glfw-3.0.3\src\config.h(47): warning C4005: '_GLFW_WGL' : redéfinition de macro (compilation du fichier source src\win32_window.c)
  c:\users\emili\onedrive\documents\opengltutorials.vs2017\external\glfw-3.0.3\src\win32_window.c: note: voir la définition précédente de '_GLFW_WGL'
c:\users\emili\onedrive\documents\opengltutorials.vs2017\external\glfw-3.0.3\src\config.h(47): warning C4005: '_GLFW_WGL' : redéfinition de macro (compilation du fichier source src\win32_time.c)
  c:\users\emili\onedrive\documents\opengltutorials.vs2017\external\glfw-3.0.3\src\win32_time.c: note: voir la définition précédente de '_GLFW_WGL'
c:\users\emili\onedrive\documents\opengltutorials.vs2017\external\glfw-3.0.3\src\config.h(76): warning C4005: '_GLFW_USE_OPENGL' : redéfinition de macro (compilation du fichier source src\win32_window.c)
  c:\users\emili\onedrive\documents\opengltutorials.vs2017\external\glfw-3.0.3\src\win32_window.c: note: voir la définition précédente de '_GLFW_USE_OPENGL'
c:\users\emili\onedrive\documents\opengltutorials.vs2017\external\glfw-3.0.3\src\config.h(76): warning C4005: '_GLFW_USE_OPENGL' : redéfinition de macro (compilation du fichier source src\win32_time.c)
  c:\users\emili\onedrive\documents\opengltutorials.vs2017\external\glfw-3.0.3\src\win32_time.c: note: voir la définition précédente de '_GLFW_USE_OPENGL'
  wgl_context.c
c:\users\emili\onedrive\documents\opengltutorials.vs2017\external\glfw-3.0.3\src\config.h(38): warning C4005: '_GLFW_WIN32' : redéfinition de macro (compilation du fichier source src\wgl_context.c)
  c:\users\emili\onedrive\documents\opengltutorials.vs2017\external\glfw-3.0.3\src\wgl_context.c: note: voir la définition précédente de '_GLFW_WIN32'
c:\users\emili\onedrive\documents\opengltutorials.vs2017\external\glfw-3.0.3\src\config.h(47): warning C4005: '_GLFW_WGL' : redéfinition de macro (compilation du fichier source src\wgl_context.c)
  c:\users\emili\onedrive\documents\opengltutorials.vs2017\external\glfw-3.0.3\src\wgl_context.c: note: voir la définition précédente de '_GLFW_WGL'
c:\users\emili\onedrive\documents\opengltutorials.vs2017\external\glfw-3.0.3\src\config.h(76): warning C4005: '_GLFW_USE_OPENGL' : redéfinition de macro (compilation du fichier source src\wgl_context.c)
  c:\users\emili\onedrive\documents\opengltutorials.vs2017\external\glfw-3.0.3\src\wgl_context.c: note: voir la définition précédente de '_GLFW_USE_OPENGL'
c:\users\emili\onedrive\documents\opengltutorials.vs2017\external\glfw-3.0.3\src\win32_init.c(245): warning C4005: '_GLFW_VERSION_FULL' : redéfinition de macro
  c:\users\emili\onedrive\documents\opengltutorials.vs2017\external\glfw-3.0.3\src\config.h(83): note: voir la définition précédente de '_GLFW_VERSION_FULL' (compilation du fichier source src\win32_init.c)
  GLFW_303.vcxproj -> C:\Users\emili\OneDrive\Documents\OpenGLTutorials.VS2017\Intermediate\Lib\Debug\glfw3.lib
