c:\users\emili\onedrive\documents\opengltutorials.vs2017\intermediate\obj\debug\glfw_303\joystick.obj
c:\users\emili\onedrive\documents\opengltutorials.vs2017\intermediate\obj\debug\glfw_303\win32_time.obj
c:\users\emili\onedrive\documents\opengltutorials.vs2017\intermediate\obj\debug\glfw_303\gamma.obj
c:\users\emili\onedrive\documents\opengltutorials.vs2017\intermediate\obj\debug\glfw_303\win32_clipboard.obj
c:\users\emili\onedrive\documents\opengltutorials.vs2017\intermediate\obj\debug\glfw_303\init.obj
c:\users\emili\onedrive\documents\opengltutorials.vs2017\intermediate\obj\debug\glfw_303\win32_init.obj
c:\users\emili\onedrive\documents\opengltutorials.vs2017\intermediate\obj\debug\glfw_303\wgl_context.obj
c:\users\emili\onedrive\documents\opengltutorials.vs2017\intermediate\obj\debug\glfw_303\input.obj
c:\users\emili\onedrive\documents\opengltutorials.vs2017\intermediate\obj\debug\glfw_303\win32_joystick.obj
c:\users\emili\onedrive\documents\opengltutorials.vs2017\intermediate\obj\debug\glfw_303\context.obj
c:\users\emili\onedrive\documents\opengltutorials.vs2017\intermediate\obj\debug\glfw_303\win32_gamma.obj
c:\users\emili\onedrive\documents\opengltutorials.vs2017\intermediate\obj\debug\glfw_303\time.obj
c:\users\emili\onedrive\documents\opengltutorials.vs2017\intermediate\obj\debug\glfw_303\win32_window.obj
c:\users\emili\onedrive\documents\opengltutorials.vs2017\intermediate\obj\debug\glfw_303\clipboard.obj
c:\users\emili\onedrive\documents\opengltutorials.vs2017\intermediate\obj\debug\glfw_303\window.obj
c:\users\emili\onedrive\documents\opengltutorials.vs2017\intermediate\obj\debug\glfw_303\monitor.obj
c:\users\emili\onedrive\documents\opengltutorials.vs2017\intermediate\obj\debug\glfw_303\win32_monitor.obj
c:\users\emili\onedrive\documents\opengltutorials.vs2017\intermediate\obj\debug\glfw_303\glfw_303.pdb
c:\users\emili\onedrive\documents\opengltutorials.vs2017\intermediate\lib\debug\glfw3.lib
c:\users\emili\onedrive\documents\opengltutorials.vs2017\intermediate\obj\debug\glfw_303\glfw_303.tlog\cl.16836.write.1.tlog
c:\users\emili\onedrive\documents\opengltutorials.vs2017\intermediate\obj\debug\glfw_303\glfw_303.tlog\cl.command.1.tlog
c:\users\emili\onedrive\documents\opengltutorials.vs2017\intermediate\obj\debug\glfw_303\glfw_303.tlog\cl.read.1.tlog
c:\users\emili\onedrive\documents\opengltutorials.vs2017\intermediate\obj\debug\glfw_303\glfw_303.tlog\lib-link.read.1.tlog
c:\users\emili\onedrive\documents\opengltutorials.vs2017\intermediate\obj\debug\glfw_303\glfw_303.tlog\lib-link.write.1.tlog
c:\users\emili\onedrive\documents\opengltutorials.vs2017\intermediate\obj\debug\glfw_303\glfw_303.tlog\lib.command.1.tlog
