c:\users\emili\onedrive\documents\opengltutorials.vs2017\intermediate\obj\debug\assimp\assimppch.obj
c:\users\emili\onedrive\documents\opengltutorials.vs2017\intermediate\obj\debug\assimp\sgspatialsort.obj
c:\users\emili\onedrive\documents\opengltutorials.vs2017\intermediate\obj\debug\assimp\splitbybonecountprocess.obj
c:\users\emili\onedrive\documents\opengltutorials.vs2017\intermediate\obj\debug\assimp\computeuvmappingprocess.obj
c:\users\emili\onedrive\documents\opengltutorials.vs2017\intermediate\obj\debug\assimp\improvecachelocality.obj
c:\users\emili\onedrive\documents\opengltutorials.vs2017\intermediate\obj\debug\assimp\terragenloader.obj
c:\users\emili\onedrive\documents\opengltutorials.vs2017\intermediate\obj\debug\assimp\processhelper.obj
c:\users\emili\onedrive\documents\opengltutorials.vs2017\intermediate\obj\debug\assimp\b3dimporter.obj
c:\users\emili\onedrive\documents\opengltutorials.vs2017\intermediate\obj\debug\assimp\irrmeshloader.obj
c:\users\emili\onedrive\documents\opengltutorials.vs2017\intermediate\obj\debug\assimp\lwsloader.obj
c:\users\emili\onedrive\documents\opengltutorials.vs2017\intermediate\obj\debug\assimp\materialsystem.obj
c:\users\emili\onedrive\documents\opengltutorials.vs2017\intermediate\obj\debug\assimp\ogreimporter.obj
c:\users\emili\onedrive\documents\opengltutorials.vs2017\intermediate\obj\debug\assimp\q3bspfileparser.obj
c:\users\emili\onedrive\documents\opengltutorials.vs2017\intermediate\obj\debug\assimp\xfileimporter.obj
c:\users\emili\onedrive\documents\opengltutorials.vs2017\intermediate\obj\debug\assimp\ndoloader.obj
c:\users\emili\onedrive\documents\opengltutorials.vs2017\intermediate\obj\debug\assimp\ifccurve.obj
c:\users\emili\onedrive\documents\opengltutorials.vs2017\intermediate\obj\debug\assimp\sweep_context.obj
c:\users\emili\onedrive\documents\opengltutorials.vs2017\intermediate\obj\debug\assimp\baseprocess.obj
c:\users\emili\onedrive\documents\opengltutorials.vs2017\intermediate\obj\debug\assimp\spatialsort.obj
c:\users\emili\onedrive\documents\opengltutorials.vs2017\intermediate\obj\debug\assimp\targetanimation.obj
c:\users\emili\onedrive\documents\opengltutorials.vs2017\intermediate\obj\debug\assimp\converttolhprocess.obj
c:\users\emili\onedrive\documents\opengltutorials.vs2017\intermediate\obj\debug\assimp\pretransformvertices.obj
c:\users\emili\onedrive\documents\opengltutorials.vs2017\intermediate\obj\debug\assimp\texturetransform.obj
c:\users\emili\onedrive\documents\opengltutorials.vs2017\intermediate\obj\debug\assimp\3dsconverter.obj
c:\users\emili\onedrive\documents\opengltutorials.vs2017\intermediate\obj\debug\assimp\colladaparser.obj
c:\users\emili\onedrive\documents\opengltutorials.vs2017\intermediate\obj\debug\assimp\md3loader.obj
c:\users\emili\onedrive\documents\opengltutorials.vs2017\intermediate\obj\debug\assimp\offloader.obj
c:\users\emili\onedrive\documents\opengltutorials.vs2017\intermediate\obj\debug\assimp\ogreskeleton.obj
c:\users\emili\onedrive\documents\opengltutorials.vs2017\intermediate\obj\debug\assimp\rawloader.obj
c:\users\emili\onedrive\documents\opengltutorials.vs2017\intermediate\obj\debug\assimp\cobloader.obj
c:\users\emili\onedrive\documents\opengltutorials.vs2017\intermediate\obj\debug\assimp\ifcutil.obj
c:\users\emili\onedrive\documents\opengltutorials.vs2017\intermediate\obj\debug\assimp\shapes.obj
c:\users\emili\onedrive\documents\opengltutorials.vs2017\intermediate\obj\debug\assimp\sweep.obj
c:\users\emili\onedrive\documents\opengltutorials.vs2017\intermediate\obj\debug\assimp\assimp.obj
c:\users\emili\onedrive\documents\opengltutorials.vs2017\intermediate\obj\debug\assimp\skeletonmeshbuilder.obj
c:\users\emili\onedrive\documents\opengltutorials.vs2017\intermediate\obj\debug\assimp\subdivision.obj
c:\users\emili\onedrive\documents\opengltutorials.vs2017\intermediate\obj\debug\assimp\findinvaliddataprocess.obj
c:\users\emili\onedrive\documents\opengltutorials.vs2017\intermediate\obj\debug\assimp\removevcprocess.obj
c:\users\emili\onedrive\documents\opengltutorials.vs2017\intermediate\obj\debug\assimp\optimizemeshes.obj
c:\users\emili\onedrive\documents\opengltutorials.vs2017\intermediate\obj\debug\assimp\aseloader.obj
c:\users\emili\onedrive\documents\opengltutorials.vs2017\intermediate\obj\debug\assimp\hmploader.obj
c:\users\emili\onedrive\documents\opengltutorials.vs2017\intermediate\obj\debug\assimp\lwomaterial.obj
c:\users\emili\onedrive\documents\opengltutorials.vs2017\intermediate\obj\debug\assimp\mdcloader.obj
c:\users\emili\onedrive\documents\opengltutorials.vs2017\intermediate\obj\debug\assimp\objfileimporter.obj
c:\users\emili\onedrive\documents\opengltutorials.vs2017\intermediate\obj\debug\assimp\plyloader.obj
c:\users\emili\onedrive\documents\opengltutorials.vs2017\intermediate\obj\debug\assimp\stlloader.obj
c:\users\emili\onedrive\documents\opengltutorials.vs2017\intermediate\obj\debug\assimp\blenderloader.obj
c:\users\emili\onedrive\documents\opengltutorials.vs2017\intermediate\obj\debug\assimp\ifcprofile.obj
c:\users\emili\onedrive\documents\opengltutorials.vs2017\intermediate\obj\debug\assimp\advancing_front.obj
c:\users\emili\onedrive\documents\opengltutorials.vs2017\intermediate\obj\debug\assimp\clipper.obj
c:\users\emili\onedrive\documents\opengltutorials.vs2017\intermediate\obj\debug\assimp\poststepregistry.obj
c:\users\emili\onedrive\documents\opengltutorials.vs2017\intermediate\obj\debug\assimp\scenecombiner.obj
c:\users\emili\onedrive\documents\opengltutorials.vs2017\intermediate\obj\debug\assimp\defaultlogger.obj
c:\users\emili\onedrive\documents\opengltutorials.vs2017\intermediate\obj\debug\assimp\genfacenormalsprocess.obj
c:\users\emili\onedrive\documents\opengltutorials.vs2017\intermediate\obj\debug\assimp\sortbyptypeprocess.obj
c:\users\emili\onedrive\documents\opengltutorials.vs2017\intermediate\obj\debug\assimp\deboneprocess.obj
c:\users\emili\onedrive\documents\opengltutorials.vs2017\intermediate\obj\debug\assimp\bvhloader.obj
c:\users\emili\onedrive\documents\opengltutorials.vs2017\intermediate\obj\debug\assimp\irrloader.obj
c:\users\emili\onedrive\documents\opengltutorials.vs2017\intermediate\obj\debug\assimp\m3importer.obj
c:\users\emili\onedrive\documents\opengltutorials.vs2017\intermediate\obj\debug\assimp\mdlloader.obj
c:\users\emili\onedrive\documents\opengltutorials.vs2017\intermediate\obj\debug\assimp\ogrematerial.obj
c:\users\emili\onedrive\documents\opengltutorials.vs2017\intermediate\obj\debug\assimp\q3bspfileimporter.obj
c:\users\emili\onedrive\documents\opengltutorials.vs2017\intermediate\obj\debug\assimp\xfileparser.obj
c:\users\emili\onedrive\documents\opengltutorials.vs2017\intermediate\obj\debug\assimp\ifcreadergen.obj
c:\users\emili\onedrive\documents\opengltutorials.vs2017\intermediate\obj\debug\assimp\baseimporter.obj
c:\users\emili\onedrive\documents\opengltutorials.vs2017\intermediate\obj\debug\assimp\scenepreprocessor.obj
c:\users\emili\onedrive\documents\opengltutorials.vs2017\intermediate\obj\debug\assimp\removecomments.obj
c:\users\emili\onedrive\documents\opengltutorials.vs2017\intermediate\obj\debug\assimp\finddegenerates.obj
c:\users\emili\onedrive\documents\opengltutorials.vs2017\intermediate\obj\debug\assimp\joinverticesprocess.obj
c:\users\emili\onedrive\documents\opengltutorials.vs2017\intermediate\obj\debug\assimp\triangulateprocess.obj
c:\users\emili\onedrive\documents\opengltutorials.vs2017\intermediate\obj\debug\assimp\3dsloader.obj
c:\users\emili\onedrive\documents\opengltutorials.vs2017\intermediate\obj\debug\assimp\colladaexporter.obj
c:\users\emili\onedrive\documents\opengltutorials.vs2017\intermediate\obj\debug\assimp\irrshared.obj
c:\users\emili\onedrive\documents\opengltutorials.vs2017\intermediate\obj\debug\assimp\md2loader.obj
c:\users\emili\onedrive\documents\opengltutorials.vs2017\intermediate\obj\debug\assimp\mdlmaterialloader.obj
c:\users\emili\onedrive\documents\opengltutorials.vs2017\intermediate\obj\debug\assimp\objexporter.obj
c:\users\emili\onedrive\documents\opengltutorials.vs2017\intermediate\obj\debug\assimp\q3dloader.obj
c:\users\emili\onedrive\documents\opengltutorials.vs2017\intermediate\obj\debug\assimp\unrealloader.obj
c:\users\emili\onedrive\documents\opengltutorials.vs2017\intermediate\obj\debug\assimp\blendermodifier.obj
c:\users\emili\onedrive\documents\opengltutorials.vs2017\intermediate\obj\debug\assimp\ifcmaterial.obj
c:\users\emili\onedrive\documents\opengltutorials.vs2017\intermediate\obj\debug\assimp\cdt.obj
c:\users\emili\onedrive\documents\opengltutorials.vs2017\intermediate\obj\debug\assimp\importerregistry.obj
c:\users\emili\onedrive\documents\opengltutorials.vs2017\intermediate\obj\debug\assimp\assimpcexport.obj
c:\users\emili\onedrive\documents\opengltutorials.vs2017\intermediate\obj\debug\assimp\findinstancesprocess.obj
c:\users\emili\onedrive\documents\opengltutorials.vs2017\intermediate\obj\debug\assimp\limitboneweightsprocess.obj
c:\users\emili\onedrive\documents\opengltutorials.vs2017\intermediate\obj\debug\assimp\validatedatastructure.obj
c:\users\emili\onedrive\documents\opengltutorials.vs2017\intermediate\obj\debug\assimp\acloader.obj
c:\users\emili\onedrive\documents\opengltutorials.vs2017\intermediate\obj\debug\assimp\dxfloader.obj
c:\users\emili\onedrive\documents\opengltutorials.vs2017\intermediate\obj\debug\assimp\lwobloader.obj
c:\users\emili\onedrive\documents\opengltutorials.vs2017\intermediate\obj\debug\assimp\md5parser.obj
c:\users\emili\onedrive\documents\opengltutorials.vs2017\intermediate\obj\debug\assimp\objfileparser.obj
c:\users\emili\onedrive\documents\opengltutorials.vs2017\intermediate\obj\debug\assimp\plyexporter.obj
c:\users\emili\onedrive\documents\opengltutorials.vs2017\intermediate\obj\debug\assimp\stlexporter.obj
c:\users\emili\onedrive\documents\opengltutorials.vs2017\intermediate\obj\debug\assimp\blenderdna.obj
c:\users\emili\onedrive\documents\opengltutorials.vs2017\intermediate\obj\debug\assimp\ifcgeometry.obj
c:\users\emili\onedrive\documents\opengltutorials.vs2017\intermediate\obj\debug\assimp\defaultiostream.obj
c:\users\emili\onedrive\documents\opengltutorials.vs2017\intermediate\obj\debug\assimp\vertextriangleadjacency.obj
c:\users\emili\onedrive\documents\opengltutorials.vs2017\intermediate\obj\debug\assimp\standardshapes.obj
c:\users\emili\onedrive\documents\opengltutorials.vs2017\intermediate\obj\debug\assimp\calctangentsprocess.obj
c:\users\emili\onedrive\documents\opengltutorials.vs2017\intermediate\obj\debug\assimp\genvertexnormalsprocess.obj
c:\users\emili\onedrive\documents\opengltutorials.vs2017\intermediate\obj\debug\assimp\splitlargemeshes.obj
c:\users\emili\onedrive\documents\opengltutorials.vs2017\intermediate\obj\debug\assimp\makeverboseformat.obj
c:\users\emili\onedrive\documents\opengltutorials.vs2017\intermediate\obj\debug\assimp\colladaloader.obj
c:\users\emili\onedrive\documents\opengltutorials.vs2017\intermediate\obj\debug\assimp\lwoloader.obj
c:\users\emili\onedrive\documents\opengltutorials.vs2017\intermediate\obj\debug\assimp\nffloader.obj
c:\users\emili\onedrive\documents\opengltutorials.vs2017\intermediate\obj\debug\assimp\ogremesh.obj
c:\users\emili\onedrive\documents\opengltutorials.vs2017\intermediate\obj\debug\assimp\q3bspziparchive.obj
c:\users\emili\onedrive\documents\opengltutorials.vs2017\intermediate\obj\debug\assimp\ms3dloader.obj
c:\users\emili\onedrive\documents\opengltutorials.vs2017\intermediate\obj\debug\assimp\ifcloader.obj
c:\users\emili\onedrive\documents\opengltutorials.vs2017\intermediate\obj\debug\assimp\xglloader.obj
c:\users\emili\onedrive\documents\opengltutorials.vs2017\intermediate\obj\debug\assimp\defaultiosystem.obj
c:\users\emili\onedrive\documents\opengltutorials.vs2017\intermediate\obj\debug\assimp\importer.obj
c:\users\emili\onedrive\documents\opengltutorials.vs2017\intermediate\obj\debug\assimp\exporter.obj
c:\users\emili\onedrive\documents\opengltutorials.vs2017\intermediate\obj\debug\assimp\fixnormalsstep.obj
c:\users\emili\onedrive\documents\opengltutorials.vs2017\intermediate\obj\debug\assimp\removeredundantmaterials.obj
c:\users\emili\onedrive\documents\opengltutorials.vs2017\intermediate\obj\debug\assimp\optimizegraph.obj
c:\users\emili\onedrive\documents\opengltutorials.vs2017\intermediate\obj\debug\assimp\aseparser.obj
c:\users\emili\onedrive\documents\opengltutorials.vs2017\intermediate\obj\debug\assimp\csmloader.obj
c:\users\emili\onedrive\documents\opengltutorials.vs2017\intermediate\obj\debug\assimp\lwoanimation.obj
c:\users\emili\onedrive\documents\opengltutorials.vs2017\intermediate\obj\debug\assimp\md5loader.obj
c:\users\emili\onedrive\documents\opengltutorials.vs2017\intermediate\obj\debug\assimp\objfilemtlimporter.obj
c:\users\emili\onedrive\documents\opengltutorials.vs2017\intermediate\obj\debug\assimp\plyparser.obj
c:\users\emili\onedrive\documents\opengltutorials.vs2017\intermediate\obj\debug\assimp\smdloader.obj
c:\users\emili\onedrive\documents\opengltutorials.vs2017\intermediate\obj\debug\assimp\blenderscene.obj
c:\users\emili\onedrive\documents\opengltutorials.vs2017\intermediate\obj\debug\assimp\stepfilereader.obj
c:\users\emili\onedrive\documents\opengltutorials.vs2017\intermediate\obj\debug\assimp\irrxml.obj
c:\users\emili\onedrive\documents\opengltutorials.vs2017\intermediate\obj\debug\assimp\assimp.pdb
c:\users\emili\onedrive\documents\opengltutorials.vs2017\intermediate\obj\debug\assimp\unzip.obj
c:\users\emili\onedrive\documents\opengltutorials.vs2017\intermediate\obj\debug\assimp\ioapi.obj
c:\users\emili\onedrive\documents\opengltutorials.vs2017\intermediate\obj\debug\assimp\convertutf.obj
c:\users\emili\onedrive\documents\opengltutorials.vs2017\intermediate\lib\debug\assimp.lib
c:\users\emili\onedrive\documents\opengltutorials.vs2017\intermediate\lib\debug\assimp.pdb
c:\users\emili\onedrive\documents\opengltutorials.vs2017\intermediate\obj\debug\assimp\assimp.tlog\cl.13372.write.1.tlog
c:\users\emili\onedrive\documents\opengltutorials.vs2017\intermediate\obj\debug\assimp\assimp.tlog\cl.command.1.tlog
c:\users\emili\onedrive\documents\opengltutorials.vs2017\intermediate\obj\debug\assimp\assimp.tlog\cl.read.1.tlog
c:\users\emili\onedrive\documents\opengltutorials.vs2017\intermediate\obj\debug\assimp\assimp.tlog\lib-link.read.1.tlog
c:\users\emili\onedrive\documents\opengltutorials.vs2017\intermediate\obj\debug\assimp\assimp.tlog\lib-link.write.1.tlog
c:\users\emili\onedrive\documents\opengltutorials.vs2017\intermediate\obj\debug\assimp\assimp.tlog\lib.command.1.tlog
